{"/Users/eli/nodework/playstation-test/src/App.tsx": {"path":"/Users/eli/nodework/playstation-test/src/App.tsx","statementMap":{"0":{"start":{"line":1,"column":0},"end":{"line":1,"column":33}},"1":{"start":{"line":2,"column":0},"end":{"line":2,"column":19}},"2":{"start":{"line":3,"column":0},"end":{"line":3,"column":59}},"3":{"start":{"line":6,"column":40},"end":{"line":6,"column":59}},"4":{"start":{"line":8,"column":19},"end":{"line":10,"column":3}},"5":{"start":{"line":9,"column":4},"end":{"line":9,"column":63}},"6":{"start":{"line":12,"column":28},"end":{"line":12,"column":53}},"7":{"start":{"line":14,"column":2},"end":{"line":14,"column":42}},"8":{"start":{"line":15,"column":2},"end":{"line":15,"column":42}},"9":{"start":{"line":16,"column":2},"end":{"line":16,"column":42}},"10":{"start":{"line":17,"column":2},"end":{"line":17,"column":42}},"11":{"start":{"line":18,"column":2},"end":{"line":18,"column":42}},"12":{"start":{"line":19,"column":2},"end":{"line":19,"column":42}},"13":{"start":{"line":21,"column":16},"end":{"line":21,"column":41}},"14":{"start":{"line":23,"column":2},"end":{"line":23,"column":31}},"15":{"start":{"line":24,"column":2},"end":{"line":24,"column":31}},"16":{"start":{"line":25,"column":2},"end":{"line":25,"column":31}},"17":{"start":{"line":26,"column":2},"end":{"line":26,"column":31}},"18":{"start":{"line":27,"column":2},"end":{"line":27,"column":31}},"19":{"start":{"line":28,"column":2},"end":{"line":28,"column":31}},"20":{"start":{"line":30,"column":19},"end":{"line":30,"column":70}},"21":{"start":{"line":30,"column":36},"end":{"line":30,"column":70}},"22":{"start":{"line":32,"column":23},"end":{"line":48,"column":3}},"23":{"start":{"line":33,"column":40},"end":{"line":33,"column":45}},"24":{"start":{"line":35,"column":4},"end":{"line":37,"column":5}},"25":{"start":{"line":36,"column":6},"end":{"line":36,"column":35}},"26":{"start":{"line":39,"column":19},"end":{"line":39,"column":21}},"27":{"start":{"line":40,"column":4},"end":{"line":45,"column":5}},"28":{"start":{"line":40,"column":17},"end":{"line":40,"column":18}},"29":{"start":{"line":41,"column":18},"end":{"line":41,"column":23}},"30":{"start":{"line":42,"column":6},"end":{"line":44,"column":9}},"31":{"start":{"line":47,"column":4},"end":{"line":47,"column":18}},"32":{"start":{"line":50,"column":2},"end":{"line":141,"column":4}},"33":{"start":{"line":144,"column":0},"end":{"line":144,"column":19}}},"fnMap":{"0":{"name":"App","decl":{"start":{"line":5,"column":9},"end":{"line":5,"column":12}},"loc":{"start":{"line":5,"column":12},"end":{"line":142,"column":1}}},"1":{"name":"(anonymous_1)","decl":{"start":{"line":8,"column":19},"end":{"line":8,"column":22}},"loc":{"start":{"line":8,"column":24},"end":{"line":10,"column":3}}},"2":{"name":"(anonymous_2)","decl":{"start":{"line":30,"column":19},"end":{"line":30,"column":20}},"loc":{"start":{"line":30,"column":36},"end":{"line":30,"column":70}}},"3":{"name":"(anonymous_3)","decl":{"start":{"line":32,"column":23},"end":{"line":32,"column":24}},"loc":{"start":{"line":32,"column":65},"end":{"line":48,"column":3}}}},"branchMap":{"0":{"loc":{"start":{"line":35,"column":4},"end":{"line":37,"column":5}},"type":"if","locations":[{"start":{"line":35,"column":4},"end":{"line":37,"column":5}}]},"1":{"loc":{"start":{"line":64,"column":11},"end":{"line":69,"column":null}},"type":"binary-expr","locations":[{"start":{"line":64,"column":11},"end":{"line":64,"column":28}},{"start":{"line":65,"column":12},"end":{"line":68,"column":null}}]}},"s":{"0":1,"1":1,"2":1,"3":6,"4":5,"5":1,"6":5,"7":5,"8":5,"9":5,"10":5,"11":5,"12":5,"13":5,"14":5,"15":5,"16":5,"17":5,"18":5,"19":5,"20":5,"21":64,"22":5,"23":10,"24":10,"25":5,"26":10,"27":10,"28":10,"29":60,"30":60,"31":10,"32":5,"33":1},"f":{"0":6,"1":1,"2":64,"3":10},"b":{"0":[5],"1":[5,4]}}
,"/Users/eli/nodework/playstation-test/src/main.tsx": {"path":"/Users/eli/nodework/playstation-test/src/main.tsx","statementMap":{"0":{"start":{"line":1,"column":0},"end":{"line":1,"column":35}},"1":{"start":{"line":2,"column":0},"end":{"line":2,"column":46}},"2":{"start":{"line":3,"column":0},"end":{"line":3,"column":21}},"3":{"start":{"line":4,"column":0},"end":{"line":4,"column":24}},"4":{"start":{"line":6,"column":0},"end":{"line":10,"column":2}}},"fnMap":{},"branchMap":{},"s":{"0":0,"1":0,"2":0,"3":0,"4":0},"f":{},"b":{}}
,"/Users/eli/nodework/playstation-test/src/vite-env.d.ts": {"path":"/Users/eli/nodework/playstation-test/src/vite-env.d.ts","statementMap":{},"fnMap":{},"branchMap":{},"s":{},"f":{},"b":{}}
,"/Users/eli/nodework/playstation-test/src/components/index.ts": {"path":"/Users/eli/nodework/playstation-test/src/components/index.ts","statementMap":{"0":{"start":{"line":1,"column":0},"end":{"line":1,"column":9}},"1":{"start":{"line":1,"column":9},"end":{"line":1,"column":36}},"2":{"start":{"line":2,"column":0},"end":{"line":2,"column":9}},"3":{"start":{"line":2,"column":9},"end":{"line":2,"column":34}},"4":{"start":{"line":3,"column":0},"end":{"line":3,"column":9}},"5":{"start":{"line":3,"column":9},"end":{"line":3,"column":42}}},"fnMap":{"0":{"name":"(anonymous_0)","decl":{"start":{"line":1,"column":9},"end":{"line":1,"column":16}},"loc":{"start":{"line":1,"column":9},"end":{"line":1,"column":36}}},"1":{"name":"(anonymous_1)","decl":{"start":{"line":2,"column":9},"end":{"line":2,"column":15}},"loc":{"start":{"line":2,"column":9},"end":{"line":2,"column":34}}},"2":{"name":"(anonymous_2)","decl":{"start":{"line":3,"column":9},"end":{"line":3,"column":19}},"loc":{"start":{"line":3,"column":9},"end":{"line":3,"column":42}}}},"branchMap":{},"s":{"0":1,"1":26,"2":1,"3":11,"4":1,"5":6},"f":{"0":25,"1":10,"2":5},"b":{}}
,"/Users/eli/nodework/playstation-test/src/components/AppText/index.tsx": {"path":"/Users/eli/nodework/playstation-test/src/components/AppText/index.tsx","statementMap":{"0":{"start":{"line":12,"column":0},"end":{"line":12,"column":16}},"1":{"start":{"line":25,"column":72},"end":{"line":29,"column":4}},"2":{"start":{"line":31,"column":72},"end":{"line":34,"column":4}},"3":{"start":{"line":36,"column":70},"end":{"line":42,"column":4}},"4":{"start":{"line":44,"column":2},"end":{"line":51,"column":4}}},"fnMap":{"0":{"name":"AppText","decl":{"start":{"line":12,"column":16},"end":{"line":12,"column":23}},"loc":{"start":{"line":19,"column":11},"end":{"line":52,"column":1}}}},"branchMap":{"0":{"loc":{"start":{"line":14,"column":2},"end":{"line":14,"column":13}},"type":"default-arg","locations":[{"start":{"line":14,"column":9},"end":{"line":14,"column":13}}]},"1":{"loc":{"start":{"line":15,"column":2},"end":{"line":15,"column":17}},"type":"default-arg","locations":[{"start":{"line":15,"column":10},"end":{"line":15,"column":17}}]},"2":{"loc":{"start":{"line":16,"column":2},"end":{"line":16,"column":21}},"type":"default-arg","locations":[{"start":{"line":16,"column":12},"end":{"line":16,"column":21}}]},"3":{"loc":{"start":{"line":18,"column":2},"end":{"line":18,"column":16}},"type":"default-arg","locations":[{"start":{"line":18,"column":14},"end":{"line":18,"column":16}}]}},"s":{"0":1,"1":25,"2":25,"3":25,"4":25},"f":{"0":25},"b":{"0":[0],"1":[0],"2":[0],"3":[5]}}
,"/Users/eli/nodework/playstation-test/src/components/Button/index.tsx": {"path":"/Users/eli/nodework/playstation-test/src/components/Button/index.tsx","statementMap":{"0":{"start":{"line":12,"column":0},"end":{"line":12,"column":16}},"1":{"start":{"line":19,"column":21},"end":{"line":22,"column":4}},"2":{"start":{"line":24,"column":2},"end":{"line":32,"column":4}}},"fnMap":{"0":{"name":"Button","decl":{"start":{"line":12,"column":16},"end":{"line":12,"column":22}},"loc":{"start":{"line":18,"column":13},"end":{"line":33,"column":1}}}},"branchMap":{"0":{"loc":{"start":{"line":14,"column":2},"end":{"line":14,"column":22}},"type":"default-arg","locations":[{"start":{"line":14,"column":12},"end":{"line":14,"column":22}}]}},"s":{"0":1,"1":10,"2":10},"f":{"0":10},"b":{"0":[5]}}
,"/Users/eli/nodework/playstation-test/src/components/ImageCards/index.tsx": {"path":"/Users/eli/nodework/playstation-test/src/components/ImageCards/index.tsx","statementMap":{"0":{"start":{"line":11,"column":0},"end":{"line":11,"column":16}},"1":{"start":{"line":16,"column":2},"end":{"line":41,"column":4}},"2":{"start":{"line":20,"column":10},"end":{"line":36,"column":null}},"3":{"start":{"line":24,"column":29},"end":{"line":24,"column":48}}},"fnMap":{"0":{"name":"ImageCards","decl":{"start":{"line":11,"column":16},"end":{"line":11,"column":26}},"loc":{"start":{"line":15,"column":17},"end":{"line":42,"column":1}}},"1":{"name":"(anonymous_1)","decl":{"start":{"line":19,"column":21},"end":{"line":19,"column":22}},"loc":{"start":{"line":20,"column":10},"end":{"line":36,"column":null}}},"2":{"name":"(anonymous_2)","decl":{"start":{"line":24,"column":23},"end":{"line":24,"column":26}},"loc":{"start":{"line":24,"column":29},"end":{"line":24,"column":48}}}},"branchMap":{"0":{"loc":{"start":{"line":19,"column":9},"end":{"line":38,"column":10}},"type":"cond-expr","locations":[{"start":{"line":19,"column":15},"end":{"line":19,"column":17}},{"start":{"line":19,"column":9},"end":{"line":38,"column":10}}]},"1":{"loc":{"start":{"line":19,"column":9},"end":{"line":19,"column":17}},"type":"binary-expr","locations":[{"start":{"line":19,"column":9},"end":{"line":19,"column":17}},{"start":{"line":19,"column":9},"end":{"line":19,"column":17}}]},"2":{"loc":{"start":{"line":26,"column":16},"end":{"line":28,"column":null}},"type":"cond-expr","locations":[{"start":{"line":27,"column":20},"end":{"line":27,"column":61}},{"start":{"line":28,"column":20},"end":{"line":28,"column":null}}]}},"s":{"0":1,"1":5,"2":30,"3":1},"f":{"0":5,"1":30,"2":1},"b":{"0":[0,5],"1":[5,5],"2":[5,25]}}
}
