TN:
SF:src/App.tsx
FN:5,App
FN:8,(anonymous_1)
FN:30,(anonymous_2)
FN:32,(anonymous_3)
FNF:4
FNH:4
FNDA:6,App
FNDA:1,(anonymous_1)
FNDA:64,(anonymous_2)
FNDA:10,(anonymous_3)
DA:1,1
DA:2,1
DA:3,1
DA:6,6
DA:8,5
DA:9,1
DA:12,5
DA:14,5
DA:15,5
DA:16,5
DA:17,5
DA:18,5
DA:19,5
DA:21,5
DA:23,5
DA:24,5
DA:25,5
DA:26,5
DA:27,5
DA:28,5
DA:30,64
DA:32,5
DA:33,10
DA:35,10
DA:36,5
DA:39,10
DA:40,10
DA:41,60
DA:42,60
DA:47,10
DA:50,5
DA:144,1
LF:32
LH:32
BRDA:35,0,0,5
BRDA:64,1,0,5
BRDA:64,1,1,4
BRF:3
BRH:3
end_of_record
TN:
SF:src/main.tsx
FNF:0
FNH:0
DA:1,0
DA:2,0
DA:3,0
DA:4,0
DA:6,0
LF:5
LH:0
BRF:0
BRH:0
end_of_record
TN:
SF:src/vite-env.d.ts
FNF:0
FNH:0
LF:0
LH:0
BRF:0
BRH:0
end_of_record
TN:
SF:src/components/index.ts
FN:1,(anonymous_0)
FN:2,(anonymous_1)
FN:3,(anonymous_2)
FNF:3
FNH:3
FNDA:25,(anonymous_0)
FNDA:10,(anonymous_1)
FNDA:5,(anonymous_2)
DA:1,26
DA:2,11
DA:3,6
LF:3
LH:3
BRF:0
BRH:0
end_of_record
TN:
SF:src/components/AppText/index.tsx
FN:12,AppText
FNF:1
FNH:1
FNDA:25,AppText
DA:12,1
DA:25,25
DA:31,25
DA:36,25
DA:44,25
LF:5
LH:5
BRDA:14,0,0,0
BRDA:15,1,0,0
BRDA:16,2,0,0
BRDA:18,3,0,5
BRF:4
BRH:1
end_of_record
TN:
SF:src/components/Button/index.tsx
FN:12,Button
FNF:1
FNH:1
FNDA:10,Button
DA:12,1
DA:19,10
DA:24,10
LF:3
LH:3
BRDA:14,0,0,5
BRF:1
BRH:1
end_of_record
TN:
SF:src/components/ImageCards/index.tsx
FN:11,ImageCards
FN:19,(anonymous_1)
FN:24,(anonymous_2)
FNF:3
FNH:3
FNDA:5,ImageCards
FNDA:30,(anonymous_1)
FNDA:1,(anonymous_2)
DA:11,1
DA:16,5
DA:20,30
DA:24,1
LF:4
LH:4
BRDA:19,0,0,0
BRDA:19,0,1,5
BRDA:19,1,0,5
BRDA:19,1,1,5
BRDA:26,2,0,5
BRDA:26,2,1,25
BRF:6
BRH:5
end_of_record
